2024-08-16 04:31:46 - change_wallpaper.sh script not found or not executable.
2024-08-16 04:32:06 - change_wallpaper.sh script not found or not executable.
2024-08-16 04:34:20 - change_wallpaper.sh script not found or not executable.
2024-08-16 04:34:50 - Changing wallpaper to /home/khalidwaleedkhedr/Videos/Wallpapers/Green Field.mp4
2024-08-16 04:34:58 - Rofi command failed or was canceled.
2024-08-16 04:36:14 - Fzf command failed or was canceled.
2024-08-16 04:36:15 - Fzf command failed or was canceled.
2024-08-16 04:36:51 - No video selected.
2024-08-16 04:37:45 - No video selected.
2024-08-16 04:38:35 - No video selected.
2024-08-16 04:38:48 - No video selected.
2024-08-16 04:48:17 - No video selected.
2024-08-16 04:48:25 - No video selected.
2024-08-16 05:00:58 - No video selected.
2024-08-16 05:01:02 - No video selected.
2024-08-16 05:49:33 - Fuzzel command failed or was canceled.
2024-08-16 05:50:18 - No video selected.
2024-08-16 05:50:35 - rofi command failed or was canceled.
2024-08-16 05:51:30 - Changing wallpaper to /home/khalidwaleedkhedr/Videos/Wallpapers/SkeletonRipples.mp4
2024-08-16 06:00:27 - change_wallpaper.sh script not found or not executable.
2024-08-16 06:00:46 - change_wallpaper.sh script not found or not executable.
2024-08-16 06:00:55 - change_wallpaper.sh script not found or not executable.
2024-08-16 06:01:46 - change_wallpaper.sh script not found or not executable.
2024-08-16 06:02:46 - change_wallpaper.sh script not found or not executable.
2024-08-16 06:03:52 - change_wallpaper.sh script not found or not executable.
2024-08-16 06:05:28 - Changing wallpaper to /home/khalidwaleedkhedr/Videos/Wallpapers/Starxium-2084-Wallpaper.mp4
2024-08-16 06:05:30 - Changing wallpaper to /home/khalidwaleedkhedr/Videos/Wallpapers/Dark Star Black Hole.mp4
2024-08-16 06:05:59 - Changing wallpaper to /home/khalidwaleedkhedr/Videos/Wallpapers/Starxium-2084-Wallpaper.mp4
2024-08-16 06:06:19 - Changing wallpaper to /home/khalidwaleedkhedr/Videos/Wallpapers/Purple Dots.mp4
2024-08-16 06:06:19 - Using video wallpaper: /home/khalidwaleedkhedr/Videos/Wallpapers/Purple Dots.mp4
2024-08-16 06:06:19 - Killed existing mpvpaper processes.
2024-08-16 06:06:19 - Wallpaper PIDs saved: 211664
2024-08-16 06:06:49 - Changing wallpaper to /home/khalidwaleedkhedr/Videos/Wallpapers/Ring of Fire.mp4
2024-08-16 06:06:49 - Using video wallpaper: /home/khalidwaleedkhedr/Videos/Wallpapers/Ring of Fire.mp4
2024-08-16 06:06:49 - Killed existing mpvpaper processes.
2024-08-16 06:06:49 - Wallpaper PIDs saved: 212078
2024-08-16 06:08:22 - Changing wallpaper to /home/khalidwaleedkhedr/Videos/Wallpapers/Girl-Samurai-Rain.mp4
2024-08-16 06:08:22 - Using video wallpaper: /home/khalidwaleedkhedr/Videos/Wallpapers/Girl-Samurai-Rain.mp4
2024-08-16 06:08:22 - Killed existing mpvpaper processes.
2024-08-16 06:08:22 - Wallpaper PIDs saved: 213308
2024-08-16 06:08:38 - Changing wallpaper to /home/khalidwaleedkhedr/Videos/Wallpapers/Cyberpunk_1.mp4
2024-08-16 06:08:38 - Using video wallpaper: /home/khalidwaleedkhedr/Videos/Wallpapers/Cyberpunk_1.mp4
2024-08-16 06:08:38 - Killed existing mpvpaper processes.
2024-08-16 06:08:39 - Wallpaper PIDs saved: 213663
2024-08-16 06:08:50 - Changing wallpaper to /home/khalidwaleedkhedr/Videos/Wallpapers/SkeletonRipples.mp4
2024-08-16 06:08:50 - Using video wallpaper: /home/khalidwaleedkhedr/Videos/Wallpapers/SkeletonRipples.mp4
2024-08-16 06:08:50 - Killed existing mpvpaper processes.
2024-08-16 06:08:51 - Wallpaper PIDs saved: 213947
2024-08-16 06:09:04 - Changing wallpaper to /home/khalidwaleedkhedr/Videos/Wallpapers/LiterallyMe.mp4
2024-08-16 06:09:04 - Using video wallpaper: /home/khalidwaleedkhedr/Videos/Wallpapers/LiterallyMe.mp4
2024-08-16 06:09:04 - Killed existing mpvpaper processes.
2024-08-16 06:09:04 - Wallpaper PIDs saved: 214291
2024-08-16 06:09:22 - Changing wallpaper to /home/khalidwaleedkhedr/Videos/Wallpapers/Green Field.mp4
2024-08-16 06:09:22 - Using video wallpaper: /home/khalidwaleedkhedr/Videos/Wallpapers/Green Field.mp4
2024-08-16 06:09:22 - Killed existing mpvpaper processes.
2024-08-16 06:09:22 - Wallpaper PIDs saved: 214625
2024-08-16 06:11:53 - Changing wallpaper to /home/khalidwaleedkhedr/Videos/Wallpapers/SkeletonRipples.mp4
2024-08-16 06:11:53 - Using video wallpaper: /home/khalidwaleedkhedr/Videos/Wallpapers/SkeletonRipples.mp4
2024-08-16 06:11:53 - Killed existing mpvpaper processes.
2024-08-16 06:11:54 - Wallpaper PIDs saved: 216858
2024-08-16 06:13:19 - rofi command failed or was canceled.
2024-08-16 06:14:13 - Changing wallpaper to /home/khalidwaleedkhedr/Videos/Wallpapers/Green Field.mp4
2024-08-16 06:14:13 - Using video wallpaper: /home/khalidwaleedkhedr/Videos/Wallpapers/Green Field.mp4
2024-08-16 06:14:13 - Killed process 216858.
2024-08-16 06:14:13 - Killed process 216859.
2024-08-16 06:14:13 - Wallpaper PIDs saved: 218718
2024-08-16 06:14:13 - Using video wallpaper: /home/khalidwaleedkhedr/Videos/Wallpapers/Green Field.mp4
2024-08-16 06:14:13 - Killed process 218718.
2024-08-16 06:14:13 - Killed process 218719.
2024-08-16 06:14:14 - Wallpaper PIDs saved: 218718
2024-08-16 06:17:24 - Changing wallpaper to /home/khalidwaleedkhedr/Videos/Wallpapers/Girl-Samurai-Rain.mp4
2024-08-16 06:17:24 - Using video wallpaper: /home/khalidwaleedkhedr/Videos/Wallpapers/Girl-Samurai-Rain.mp4
2024-08-16 06:17:24 - Process 218718 not running or already killed.
2024-08-16 06:17:24 - Process 218719 not running or already killed.
2024-08-16 06:17:24 - Process 218781 not running or already killed.
2024-08-16 06:17:24 - Process 218782 not running or already killed.
2024-08-16 06:17:24 - Removed outdated PID file.
2024-08-16 06:17:24 - Wallpaper PIDs saved: 221030
2024-08-16 06:18:00 - rofi command failed or was canceled.
2024-08-16 06:18:02 - rofi command failed or was canceled.
2024-08-16 06:18:05 - rofi command failed or was canceled.
2024-08-16 06:18:06 - rofi command failed or was canceled.
2024-08-16 06:18:10 - rofi command failed or was canceled.
2024-08-16 06:18:31 - Changing wallpaper to /home/khalidwaleedkhedr/Videos/Wallpapers/Starxium-2084-Wallpaper.mp4
2024-08-16 06:18:31 - Using video wallpaper: /home/khalidwaleedkhedr/Videos/Wallpapers/Starxium-2084-Wallpaper.mp4
2024-08-16 06:18:31 - Attempting to kill process 221030.
2024-08-16 06:18:31 - Attempting to kill process 221031.
2024-08-16 06:18:32 - Removed outdated PID file.
2024-08-16 06:18:32 - Wallpaper PIDs saved: 222121
2024-08-16 06:19:54 - Changing wallpaper to /home/khalidwaleedkhedr/Videos/Wallpapers/Green Field.mp4
2024-08-16 06:19:54 - Using video wallpaper: /home/khalidwaleedkhedr/Videos/Wallpapers/Green Field.mp4
2024-08-16 06:19:54 - Process 222121 not running or already killed.
2024-08-16 06:19:54 - Process 222122 not running or already killed.
2024-08-16 06:19:54 - Removed outdated PID file.
2024-08-16 06:19:55 - Wallpaper PIDs saved: 223355
2024-08-16 06:21:57 - Changing wallpaper to /home/khalidwaleedkhedr/Videos/Wallpapers/Galaxy Stars.mp4
2024-08-16 06:21:57 - Using video wallpaper: /home/khalidwaleedkhedr/Videos/Wallpapers/Galaxy Stars.mp4
2024-08-16 06:21:57 - Attempting to kill process 223355.
2024-08-16 06:21:57 - Attempting to kill process 223356.
2024-08-16 06:21:58 - Removed outdated PID file.
2024-08-16 06:21:58 - Wallpaper PIDs saved: 225736
2024-08-16 06:22:25 - Changing wallpaper to /home/khalidwaleedkhedr/Videos/Wallpapers/Girl-Samurai-Rain.mp4
2024-08-16 06:22:25 - Using video wallpaper: /home/khalidwaleedkhedr/Videos/Wallpapers/Girl-Samurai-Rain.mp4
2024-08-16 06:22:25 - Attempting to kill process 225736.
2024-08-16 06:22:25 - Attempting to kill process 225737.
2024-08-16 06:22:26 - Removed outdated PID file.
2024-08-16 06:22:26 - Wallpaper PIDs saved: 226126
2024-08-16 06:25:31 - Changing wallpaper to /home/khalidwaleedkhedr/Videos/Wallpapers/SkeletonRipples.mp4
2024-08-16 06:25:31 - Using video wallpaper: /home/khalidwaleedkhedr/Videos/Wallpapers/SkeletonRipples.mp4
2024-08-16 06:25:31 - Process 226126 not running or already killed.
2024-08-16 06:25:31 - Process 226127 not running or already killed.
2024-08-16 06:25:31 - Removed outdated PID file.
2024-08-16 06:25:31 - Wallpaper PIDs saved: 228380
2024-08-16 07:06:56 - Using video wallpaper: /home/khalidwaleedkhedr/Videos/Wallpapers/SkeletonRipples.mp4
2024-08-16 07:06:56 - Attempting to kill process 228380.
2024-08-16 07:06:56 - Successfully killed process 228380.
2024-08-16 07:06:56 - Attempting to kill process 228381.
2024-08-16 07:06:56 - Successfully killed process 228381.
2024-08-16 07:06:57 - Removed outdated PID file.
2024-08-16 07:06:57 - Wallpaper PIDs saved: 255727
2024-08-16 07:07:30 - Changing wallpaper to /home/khalidwaleedkhedr/Videos/Wallpapers/Dark Star Black Hole.mp4
2024-08-16 07:07:30 - Using video wallpaper: /home/khalidwaleedkhedr/Videos/Wallpapers/Dark Star Black Hole.mp4
2024-08-16 07:07:30 - Process 255727 not running or already killed.
2024-08-16 07:07:30 - Attempting to kill process 255728.
2024-08-16 07:07:30 - Successfully killed process 255728.
2024-08-16 07:07:31 - Removed outdated PID file.
2024-08-16 07:07:31 - Wallpaper PIDs saved: 256246
2024-08-16 07:08:38 - Changing wallpaper to /home/khalidwaleedkhedr/Videos/Wallpapers/Green Field.mp4
2024-08-16 07:08:38 - Using video wallpaper: /home/khalidwaleedkhedr/Videos/Wallpapers/Green Field.mp4
2024-08-16 07:08:38 - Process 256246 not running or already killed.
2024-08-16 07:08:38 - Process 256247 not running or already killed.
2024-08-16 07:08:38 - Removed outdated PID file.
2024-08-16 07:08:39 - Wallpaper PIDs saved: 257255
2024-08-16 07:08:46 - Changing wallpaper to /home/khalidwaleedkhedr/Videos/Wallpapers/Ring of Fire.mp4
2024-08-16 07:08:46 - Using video wallpaper: /home/khalidwaleedkhedr/Videos/Wallpapers/Ring of Fire.mp4
2024-08-16 07:08:46 - Attempting to kill process 257255.
2024-08-16 07:08:46 - Successfully killed process 257255.
2024-08-16 07:08:46 - Attempting to kill process 257256.
2024-08-16 07:08:46 - Successfully killed process 257256.
2024-08-16 07:08:47 - Removed outdated PID file.
2024-08-16 07:08:47 - Wallpaper PIDs saved: 257463
2024-08-16 07:09:12 - Changing wallpaper to /home/khalidwaleedkhedr/Videos/Wallpapers/howardpepe.mp4
2024-08-16 07:09:12 - Using video wallpaper: /home/khalidwaleedkhedr/Videos/Wallpapers/howardpepe.mp4
2024-08-16 07:09:12 - Process 257463 not running or already killed.
2024-08-16 07:09:12 - Process 257464 not running or already killed.
2024-08-16 07:09:12 - Removed outdated PID file.
2024-08-16 07:09:13 - Wallpaper PIDs saved: 257841
2024-08-16 15:19:47 - Changing wallpaper to /home/khalidwaleedkhedr/Videos/Wallpapers/SkeletonRipples.mp4
2024-08-16 15:19:47 - Using video wallpaper: /home/khalidwaleedkhedr/Videos/Wallpapers/SkeletonRipples.mp4
2024-08-16 15:19:47 - Attempting to kill process 1192.
2024-08-16 15:19:47 - Successfully killed process 1192.
2024-08-16 15:19:48 - Attempting to kill process 1193.
2024-08-16 15:19:48 - Successfully killed process 1193.
2024-08-16 15:19:48 - Removed outdated PID file.
2024-08-16 15:19:49 - Wallpaper PIDs saved: 1713
2024-08-16 17:03:05 - Changing wallpaper to /home/khalidwaleedkhedr/Videos/Wallpapers/Cherry-Blossom-Tree.mp4
2024-08-16 17:03:05 - Using video wallpaper: /home/khalidwaleedkhedr/Videos/Wallpapers/Cherry-Blossom-Tree.mp4
2024-08-16 17:03:05 - Attempting to kill process 1713.
2024-08-16 17:03:05 - Successfully killed process 1713.
2024-08-16 17:03:06 - Attempting to kill process 1714.
2024-08-16 17:03:06 - Successfully killed process 1714.
2024-08-16 17:03:06 - Removed outdated PID file.
2024-08-16 17:03:07 - Wallpaper PIDs saved: 72010
2024-08-16 17:04:36 - Changing wallpaper to /home/khalidwaleedkhedr/Videos/Wallpapers/Green Field.mp4
2024-08-16 17:04:36 - Using video wallpaper: /home/khalidwaleedkhedr/Videos/Wallpapers/Green Field.mp4
2024-08-16 17:04:36 - Process 72010 not running or already killed.
2024-08-16 17:04:36 - Process 72011 not running or already killed.
2024-08-16 17:04:36 - Removed outdated PID file.
2024-08-16 17:04:36 - Wallpaper PIDs saved: 73107
2024-08-16 17:05:00 - Changing wallpaper to /home/khalidwaleedkhedr/Videos/Wallpapers/Girl-Samurai-Rain.mp4
2024-08-16 17:05:01 - Using video wallpaper: /home/khalidwaleedkhedr/Videos/Wallpapers/Girl-Samurai-Rain.mp4
2024-08-16 17:05:01 - Attempting to kill process 73107.
2024-08-16 17:05:01 - Successfully killed process 73107.
2024-08-16 17:05:01 - Attempting to kill process 73108.
2024-08-16 17:05:01 - Successfully killed process 73108.
2024-08-16 17:05:02 - Removed outdated PID file.
2024-08-16 17:05:02 - Wallpaper PIDs saved: 73594
2024-08-16 17:07:03 - Changing wallpaper to /home/khalidwaleedkhedr/Videos/Wallpapers/Green Field.mp4
2024-08-16 17:07:03 - Using video wallpaper: /home/khalidwaleedkhedr/Videos/Wallpapers/Green Field.mp4
2024-08-16 17:07:03 - Process 73594 is not an mpvpaper instance.
2024-08-16 17:07:04 - Process 73595 is not an mpvpaper instance.
2024-08-16 17:07:05 - Removed outdated PID file.
2024-08-16 17:07:06 - Wallpaper PIDs saved: 75624
2024-08-16 17:07:06 - There are still running mpvpaper processes after cleanup.
2024-08-16 17:08:09 - Changing wallpaper to /home/khalidwaleedkhedr/Videos/Wallpapers/Girl-Samurai-Rain.mp4
2024-08-16 17:08:09 - Using video wallpaper: /home/khalidwaleedkhedr/Videos/Wallpapers/Girl-Samurai-Rain.mp4
2024-08-16 17:08:09 - Process 75624 is not an mpvpaper instance.
2024-08-16 17:08:10 - Process 75625 is not an mpvpaper instance.
2024-08-16 17:08:11 - Removed outdated PID file.
2024-08-16 17:08:12 - Wallpaper PIDs saved: 76552
2024-08-16 17:09:11 - Changing wallpaper to /home/khalidwaleedkhedr/Videos/Wallpapers/Girl-Samurai-Rain.mp4
2024-08-16 17:09:11 - Using video wallpaper: /home/khalidwaleedkhedr/Videos/Wallpapers/Girl-Samurai-Rain.mp4
2024-08-16 17:09:11 - Attempting to kill all mpvpaper processes.
2024-08-16 17:09:11 - Attempting to kill process 1195.
2024-08-16 17:09:11 - Successfully killed process 1195.
2024-08-16 17:09:11 - Attempting to kill process 1196.
2024-08-16 17:09:11 - Successfully killed process 1196.
2024-08-16 17:09:11 - Attempting to kill process 73110.
2024-08-16 17:09:11 - Successfully killed process 73110.
2024-08-16 17:09:11 - Attempting to kill process 73111.
2024-08-16 17:09:11 - Successfully killed process 73111.
2024-08-16 17:09:11 - Attempting to kill process 73597.
2024-08-16 17:09:11 - Successfully killed process 73597.
2024-08-16 17:09:12 - Attempting to kill process 73598.
2024-08-16 17:09:12 - Successfully killed process 73598.
2024-08-16 17:09:12 - Attempting to kill process 75627.
2024-08-16 17:09:12 - Successfully killed process 75627.
2024-08-16 17:09:12 - Attempting to kill process 75629.
2024-08-16 17:09:12 - Successfully killed process 75629.
2024-08-16 17:09:12 - Attempting to kill process 76555.
2024-08-16 17:09:12 - Successfully killed process 76555.
2024-08-16 17:09:12 - Attempting to kill process 76556.
2024-08-16 17:09:12 - Successfully killed process 76556.
2024-08-16 17:09:12 - All mpvpaper processes killed.
2024-08-16 17:09:12 - Removed outdated PID file.
2024-08-16 17:09:13 - Wallpaper PIDs saved: 77448
2024-08-16 17:09:13 - There are still running mpvpaper processes after cleanup.
73110 [mpvpaper] <defunct>
73111 [mpvpaper] <defunct>
73598 [mpvpaper] <defunct>
77451 mpvpaper --mpv-options=hwdec=auto --no-audio --loop HDMI-A-1 /home/khalidwaleedkhedr/Videos/Wallpapers/Girl-Samurai-Rain.mp4
77452 mpvpaper --mpv-options=hwdec=auto --no-audio --loop eDP-1 /home/khalidwaleedkhedr/Videos/Wallpapers/Girl-Samurai-Rain.mp4
2024-08-16 17:09:29 - Changing wallpaper to /home/khalidwaleedkhedr/Videos/Wallpapers/Purple Dots.mp4
2024-08-16 17:09:29 - Using video wallpaper: /home/khalidwaleedkhedr/Videos/Wallpapers/Purple Dots.mp4
2024-08-16 17:09:29 - Attempting to kill all mpvpaper processes.
2024-08-16 17:09:29 - Attempting to kill process 77451.
2024-08-16 17:09:29 - Successfully killed process 77451.
2024-08-16 17:09:29 - Attempting to kill process 77452.
2024-08-16 17:09:29 - Successfully killed process 77452.
2024-08-16 17:09:29 - All mpvpaper processes killed.
2024-08-16 17:09:29 - Removed outdated PID file.
2024-08-16 17:09:30 - Wallpaper PIDs saved: 77768
2024-08-16 17:09:30 - There are still running mpvpaper processes after cleanup.
77771 mpvpaper --mpv-options=hwdec=auto --no-audio --loop eDP-1 /home/khalidwaleedkhedr/Videos/Wallpapers/Purple Dots.mp4
77773 mpvpaper --mpv-options=hwdec=auto --no-audio --loop HDMI-A-1 /home/khalidwaleedkhedr/Videos/Wallpapers/Purple Dots.mp4
2024-08-16 17:10:31 - Changing wallpaper to /home/khalidwaleedkhedr/Videos/Wallpapers/Purple Dots.mp4
2024-08-16 17:10:31 - Using video wallpaper: /home/khalidwaleedkhedr/Videos/Wallpapers/Purple Dots.mp4
2024-08-16 17:10:31 - Attempting to kill all mpvpaper processes.
2024-08-16 17:10:31 - Attempting to kill process 77771.
2024-08-16 17:10:31 - Successfully killed process 77771.
2024-08-16 17:10:31 - Attempting to kill process 77773.
2024-08-16 17:10:31 - Successfully killed process 77773.
2024-08-16 17:10:31 - All mpvpaper processes killed.
2024-08-16 17:10:31 - Removed outdated PID file.
2024-08-16 17:10:32 - There are still running mpvpaper processes after cleanup.
78674 mpvpaper --mpv-options=hwdec=auto --no-audio --loop eDP-1 /home/khalidwaleedkhedr/Videos/Wallpapers/Purple Dots.mp4
78675 mpvpaper --mpv-options=hwdec=auto --no-audio --loop HDMI-A-1 /home/khalidwaleedkhedr/Videos/Wallpapers/Purple Dots.mp4
2024-08-16 17:10:47 - Changing wallpaper to /home/khalidwaleedkhedr/Videos/Wallpapers/Cyberpunk_1.mp4
2024-08-16 17:10:47 - Using video wallpaper: /home/khalidwaleedkhedr/Videos/Wallpapers/Cyberpunk_1.mp4
2024-08-16 17:10:47 - Attempting to kill all mpvpaper processes.
2024-08-16 17:10:47 - Attempting to kill process 78674.
2024-08-16 17:10:47 - Successfully killed process 78674.
2024-08-16 17:10:47 - Attempting to kill process 78675.
2024-08-16 17:10:47 - Successfully killed process 78675.
2024-08-16 17:10:47 - All mpvpaper processes killed.
2024-08-16 17:10:47 - Removed outdated PID file.
2024-08-16 17:10:49 - There are still running mpvpaper processes after cleanup.
78964 mpvpaper --mpv-options=hwdec=auto --no-audio --loop HDMI-A-1 /home/khalidwaleedkhedr/Videos/Wallpapers/Cyberpunk_1.mp4
78965 mpvpaper --mpv-options=hwdec=auto --no-audio --loop eDP-1 /home/khalidwaleedkhedr/Videos/Wallpapers/Cyberpunk_1.mp4
2024-08-16 17:12:06 - Using video wallpaper: /home/khalidwaleedkhedr/Videos/Wallpapers/Cyberpunk_1.mp4
2024-08-16 17:12:06 - Attempting to kill all mpvpaper processes.
2024-08-16 17:12:06 - No running mpvpaper processes found.
2024-08-16 17:12:06 - Removed outdated PID file.
2024-08-16 17:12:07 - There are still running mpvpaper processes after cleanup.
80530 mpvpaper --mpv-options=hwdec=auto --no-audio --loop eDP-1 /home/khalidwaleedkhedr/Videos/Wallpapers/Cyberpunk_1.mp4
80531 mpvpaper --mpv-options=hwdec=auto --no-audio --loop HDMI-A-1 /home/khalidwaleedkhedr/Videos/Wallpapers/Cyberpunk_1.mp4
2024-08-16 17:12:13 - Changing wallpaper to /home/khalidwaleedkhedr/Videos/Wallpapers/Green Field.mp4
2024-08-16 17:12:13 - Using video wallpaper: /home/khalidwaleedkhedr/Videos/Wallpapers/Green Field.mp4
2024-08-16 17:12:13 - Attempting to kill all mpvpaper processes.
2024-08-16 17:12:13 - Attempting to kill process 80530.
2024-08-16 17:12:13 - Successfully killed process 80530.
2024-08-16 17:12:13 - Attempting to kill process 80531.
2024-08-16 17:12:13 - Successfully killed process 80531.
2024-08-16 17:12:13 - All mpvpaper processes killed.
2024-08-16 17:12:13 - Removed outdated PID file.
2024-08-16 17:12:14 - There are still running mpvpaper processes after cleanup.
80828 mpvpaper --mpv-options=hwdec=auto --no-audio --loop eDP-1 /home/khalidwaleedkhedr/Videos/Wallpapers/Green Field.mp4
80829 mpvpaper --mpv-options=hwdec=auto --no-audio --loop HDMI-A-1 /home/khalidwaleedkhedr/Videos/Wallpapers/Green Field.mp4
2024-08-16 17:16:22 - Changing wallpaper to /home/khalidwaleedkhedr/Videos/Wallpapers/SkeletonRipples.mp4
2024-08-16 17:16:22 - Using video wallpaper: /home/khalidwaleedkhedr/Videos/Wallpapers/SkeletonRipples.mp4
2024-08-16 17:16:22 - Attempting to kill all mpvpaper processes.
2024-08-16 17:16:22 - Attempting to kill process 80828.
2024-08-16 17:16:22 - Successfully killed process 80828.
2024-08-16 17:16:22 - Attempting to kill process 80829.
2024-08-16 17:16:22 - Successfully killed process 80829.
2024-08-16 17:16:22 - All mpvpaper processes killed.
2024-08-16 17:16:22 - Removed outdated PID file.
2024-08-16 17:16:23 - There are still running mpvpaper processes after cleanup.
83530 mpvpaper --mpv-options=hwdec=auto --no-audio --loop HDMI-A-1 /home/khalidwaleedkhedr/Videos/Wallpapers/SkeletonRipples.mp4
83531 mpvpaper --mpv-options=hwdec=auto --no-audio --loop eDP-1 /home/khalidwaleedkhedr/Videos/Wallpapers/SkeletonRipples.mp4
2024-08-16 17:19:11 - Using video wallpaper: /home/khalidwaleedkhedr/Videos/Wallpapers/SkeletonRipples.mp4
2024-08-16 17:19:11 - Attempting to kill all mpvpaper processes.
2024-08-16 17:19:11 - No running mpvpaper processes found.
2024-08-16 17:19:11 - Removed outdated PID file.
2024-08-16 17:19:12 - There are still running mpvpaper processes after cleanup.
86090 mpvpaper --mpv-options=hwdec=auto --no-audio --loop eDP-1 /home/khalidwaleedkhedr/Videos/Wallpapers/SkeletonRipples.mp4
86091 mpvpaper --mpv-options=hwdec=auto --no-audio --loop HDMI-A-1 /home/khalidwaleedkhedr/Videos/Wallpapers/SkeletonRipples.mp4
2024-08-17 04:07:21 - Using video wallpaper: /home/khalidwaleedkhedr/Videos/Wallpapers/SkeletonRipples.mp4
2024-08-17 04:07:21 - Attempting to kill all mpvpaper processes.
2024-08-17 04:07:21 - No running mpvpaper processes found.
2024-08-17 04:07:22 - There are still running mpvpaper processes after cleanup.
1266 mpvpaper --mpv-options=hwdec=auto --no-audio --loop eDP-1 /home/khalidwaleedkhedr/Videos/Wallpapers/SkeletonRipples.mp4
1267 mpvpaper --mpv-options=hwdec=auto --no-audio --loop HDMI-A-1 /home/khalidwaleedkhedr/Videos/Wallpapers/SkeletonRipples.mp4
2024-08-17 04:23:32 - rofi command failed or was canceled.
2024-08-17 04:23:46 - Changing wallpaper to /home/khalidwaleedkhedr/Videos/Wallpapers/Ring of Fire.mp4
2024-08-17 04:23:46 - Using video wallpaper: /home/khalidwaleedkhedr/Videos/Wallpapers/Ring of Fire.mp4
2024-08-17 04:23:46 - Attempting to kill all mpvpaper processes.
2024-08-17 04:23:46 - Attempting to kill process 1266.
2024-08-17 04:23:46 - Successfully killed process 1266.
2024-08-17 04:23:46 - Attempting to kill process 1267.
2024-08-17 04:23:46 - Successfully killed process 1267.
2024-08-17 04:23:46 - All mpvpaper processes killed.
2024-08-17 04:23:46 - Removed outdated PID file.
2024-08-17 04:23:47 - There are still running mpvpaper processes after cleanup.
16190 mpvpaper --mpv-options=hwdec=auto --no-audio --loop eDP-1 /home/khalidwaleedkhedr/Videos/Wallpapers/Ring of Fire.mp4
16191 mpvpaper --mpv-options=hwdec=auto --no-audio --loop HDMI-A-1 /home/khalidwaleedkhedr/Videos/Wallpapers/Ring of Fire.mp4
2024-08-17 04:24:05 - Changing wallpaper to /home/khalidwaleedkhedr/Videos/Wallpapers/Green Field.mp4
2024-08-17 04:24:05 - Using video wallpaper: /home/khalidwaleedkhedr/Videos/Wallpapers/Green Field.mp4
2024-08-17 04:24:05 - Attempting to kill all mpvpaper processes.
2024-08-17 04:24:05 - No running mpvpaper processes found.
2024-08-17 04:24:05 - Removed outdated PID file.
2024-08-17 04:24:06 - There are still running mpvpaper processes after cleanup.
16538 mpvpaper --mpv-options=hwdec=auto --no-audio --loop HDMI-A-1 /home/khalidwaleedkhedr/Videos/Wallpapers/Green Field.mp4
16539 mpvpaper --mpv-options=hwdec=auto --no-audio --loop eDP-1 /home/khalidwaleedkhedr/Videos/Wallpapers/Green Field.mp4
2024-08-17 04:24:24 - Changing wallpaper to /home/khalidwaleedkhedr/Videos/Wallpapers/Galaxy Stars.mp4
2024-08-17 04:24:24 - Using video wallpaper: /home/khalidwaleedkhedr/Videos/Wallpapers/Galaxy Stars.mp4
2024-08-17 04:24:24 - Attempting to kill all mpvpaper processes.
2024-08-17 04:24:24 - No running mpvpaper processes found.
2024-08-17 04:24:24 - Removed outdated PID file.
2024-08-17 04:24:25 - There are still running mpvpaper processes after cleanup.
16788 mpvpaper --mpv-options=hwdec=auto --no-audio --loop HDMI-A-1 /home/khalidwaleedkhedr/Videos/Wallpapers/Galaxy Stars.mp4
16789 mpvpaper --mpv-options=hwdec=auto --no-audio --loop eDP-1 /home/khalidwaleedkhedr/Videos/Wallpapers/Galaxy Stars.mp4
2024-08-17 04:24:40 - Changing wallpaper to /home/khalidwaleedkhedr/Videos/Wallpapers/SkeletonRipples.mp4
2024-08-17 04:24:40 - Using video wallpaper: /home/khalidwaleedkhedr/Videos/Wallpapers/SkeletonRipples.mp4
2024-08-17 04:24:40 - Attempting to kill all mpvpaper processes.
2024-08-17 04:24:40 - No running mpvpaper processes found.
2024-08-17 04:24:40 - Removed outdated PID file.
2024-08-17 04:24:41 - There are still running mpvpaper processes after cleanup.
17001 mpvpaper --mpv-options=hwdec=auto --no-audio --loop HDMI-A-1 /home/khalidwaleedkhedr/Videos/Wallpapers/SkeletonRipples.mp4
17002 mpvpaper --mpv-options=hwdec=auto --no-audio --loop eDP-1 /home/khalidwaleedkhedr/Videos/Wallpapers/SkeletonRipples.mp4
